{"D:\\Projects\\SE LAB PROJECT\\backend\\config\\db.js": {"path":"D:\\Projects\\SE LAB PROJECT\\backend\\config\\db.js","statementMap":{"0":{"start":{"line":6,"column":17},"end":{"line":6,"column":30}},"1":{"start":{"line":7,"column":16},"end":{"line":7,"column":30}},"2":{"start":{"line":10,"column":14},"end":{"line":10,"column":47}},"3":{"start":{"line":14,"column":11},"end":{"line":14,"column":25}},"4":{"start":{"line":15,"column":0},"end":{"line":17,"column":1}},"5":{"start":{"line":16,"column":2},"end":{"line":16,"column":24}},"6":{"start":{"line":21,"column":13},"end":{"line":34,"column":2}},"7":{"start":{"line":38,"column":23},"end":{"line":58,"column":1}},"8":{"start":{"line":39,"column":2},"end":{"line":57,"column":3}},"9":{"start":{"line":40,"column":19},"end":{"line":40,"column":39}},"10":{"start":{"line":41,"column":4},"end":{"line":41,"column":64}},"11":{"start":{"line":42,"column":4},"end":{"line":42,"column":21}},"12":{"start":{"line":44,"column":4},"end":{"line":44,"column":62}},"13":{"start":{"line":45,"column":4},"end":{"line":45,"column":55}},"14":{"start":{"line":47,"column":4},"end":{"line":56,"column":13}},"15":{"start":{"line":48,"column":6},"end":{"line":55,"column":7}},"16":{"start":{"line":49,"column":23},"end":{"line":49,"column":43}},"17":{"start":{"line":50,"column":8},"end":{"line":50,"column":77}},"18":{"start":{"line":51,"column":8},"end":{"line":51,"column":25}},"19":{"start":{"line":53,"column":8},"end":{"line":53,"column":62}},"20":{"start":{"line":54,"column":8},"end":{"line":54,"column":65}},"21":{"start":{"line":60,"column":0},"end":{"line":60,"column":17}},"22":{"start":{"line":63,"column":0},"end":{"line":63,"column":22}}},"fnMap":{"0":{"name":"(anonymous_0)","decl":{"start":{"line":38,"column":23},"end":{"line":38,"column":24}},"loc":{"start":{"line":38,"column":35},"end":{"line":58,"column":1}},"line":38},"1":{"name":"(anonymous_1)","decl":{"start":{"line":47,"column":15},"end":{"line":47,"column":16}},"loc":{"start":{"line":47,"column":27},"end":{"line":56,"column":5}},"line":47}},"branchMap":{"0":{"loc":{"start":{"line":15,"column":0},"end":{"line":17,"column":1}},"type":"if","locations":[{"start":{"line":15,"column":0},"end":{"line":17,"column":1}},{"start":{},"end":{}}],"line":15},"1":{"loc":{"start":{"line":26,"column":8},"end":{"line":26,"column":26}},"type":"binary-expr","locations":[{"start":{"line":26,"column":8},"end":{"line":26,"column":18}},{"start":{"line":26,"column":22},"end":{"line":26,"column":26}}],"line":26}},"s":{"0":1,"1":1,"2":1,"3":1,"4":1,"5":0,"6":1,"7":1,"8":1,"9":1,"10":0,"11":0,"12":0,"13":0,"14":0,"15":0,"16":0,"17":0,"18":0,"19":0,"20":0,"21":1,"22":1},"f":{"0":1,"1":0},"b":{"0":[0,1],"1":[1,0]},"_coverageSchema":"1a1c01bbd47fc00a2c39e90264f33305004495a9","hash":"56a9a396f46398a373e10ef90c26e2e8f2af3cb2"}
,"D:\\Projects\\SE LAB PROJECT\\backend\\controllers\\authController.js": {"path":"D:\\Projects\\SE LAB PROJECT\\backend\\controllers\\authController.js","statementMap":{"0":{"start":{"line":6,"column":15},"end":{"line":6,"column":34}},"1":{"start":{"line":7,"column":12},"end":{"line":7,"column":35}},"2":{"start":{"line":8,"column":18},"end":{"line":8,"column":48}},"3":{"start":{"line":12,"column":17},"end":{"line":46,"column":1}},"4":{"start":{"line":13,"column":42},"end":{"line":13,"column":50}},"5":{"start":{"line":16,"column":2},"end":{"line":18,"column":3}},"6":{"start":{"line":17,"column":4},"end":{"line":17,"column":72}},"7":{"start":{"line":20,"column":2},"end":{"line":45,"column":3}},"8":{"start":{"line":22,"column":25},"end":{"line":22,"column":59}},"9":{"start":{"line":23,"column":4},"end":{"line":25,"column":5}},"10":{"start":{"line":24,"column":6},"end":{"line":24,"column":76}},"11":{"start":{"line":29,"column":27},"end":{"line":29,"column":58}},"12":{"start":{"line":33,"column":21},"end":{"line":33,"column":63}},"13":{"start":{"line":36,"column":20},"end":{"line":36,"column":81}},"14":{"start":{"line":38,"column":4},"end":{"line":41,"column":7}},"15":{"start":{"line":43,"column":4},"end":{"line":43,"column":50}},"16":{"start":{"line":44,"column":4},"end":{"line":44,"column":75}},"17":{"start":{"line":50,"column":14},"end":{"line":87,"column":1}},"18":{"start":{"line":51,"column":30},"end":{"line":51,"column":38}},"19":{"start":{"line":53,"column":2},"end":{"line":55,"column":3}},"20":{"start":{"line":54,"column":4},"end":{"line":54,"column":72}},"21":{"start":{"line":57,"column":2},"end":{"line":86,"column":3}},"22":{"start":{"line":59,"column":17},"end":{"line":59,"column":51}},"23":{"start":{"line":60,"column":4},"end":{"line":62,"column":5}},"24":{"start":{"line":61,"column":6},"end":{"line":61,"column":77}},"25":{"start":{"line":65,"column":20},"end":{"line":65,"column":65}},"26":{"start":{"line":66,"column":4},"end":{"line":68,"column":5}},"27":{"start":{"line":67,"column":6},"end":{"line":67,"column":77}},"28":{"start":{"line":72,"column":18},"end":{"line":76,"column":5}},"29":{"start":{"line":78,"column":4},"end":{"line":82,"column":7}},"30":{"start":{"line":84,"column":4},"end":{"line":84,"column":47}},"31":{"start":{"line":85,"column":4},"end":{"line":85,"column":68}},"32":{"start":{"line":89,"column":0},"end":{"line":89,"column":37}}},"fnMap":{"0":{"name":"(anonymous_0)","decl":{"start":{"line":12,"column":17},"end":{"line":12,"column":18}},"loc":{"start":{"line":12,"column":37},"end":{"line":46,"column":1}},"line":12},"1":{"name":"(anonymous_1)","decl":{"start":{"line":50,"column":14},"end":{"line":50,"column":15}},"loc":{"start":{"line":50,"column":34},"end":{"line":87,"column":1}},"line":50}},"branchMap":{"0":{"loc":{"start":{"line":16,"column":2},"end":{"line":18,"column":3}},"type":"if","locations":[{"start":{"line":16,"column":2},"end":{"line":18,"column":3}},{"start":{},"end":{}}],"line":16},"1":{"loc":{"start":{"line":16,"column":6},"end":{"line":16,"column":34}},"type":"binary-expr","locations":[{"start":{"line":16,"column":6},"end":{"line":16,"column":11}},{"start":{"line":16,"column":15},"end":{"line":16,"column":21}},{"start":{"line":16,"column":25},"end":{"line":16,"column":34}}],"line":16},"2":{"loc":{"start":{"line":23,"column":4},"end":{"line":25,"column":5}},"type":"if","locations":[{"start":{"line":23,"column":4},"end":{"line":25,"column":5}},{"start":{},"end":{}}],"line":23},"3":{"loc":{"start":{"line":33,"column":21},"end":{"line":33,"column":63}},"type":"cond-expr","locations":[{"start":{"line":33,"column":42},"end":{"line":33,"column":51}},{"start":{"line":33,"column":54},"end":{"line":33,"column":63}}],"line":33},"4":{"loc":{"start":{"line":53,"column":2},"end":{"line":55,"column":3}},"type":"if","locations":[{"start":{"line":53,"column":2},"end":{"line":55,"column":3}},{"start":{},"end":{}}],"line":53},"5":{"loc":{"start":{"line":53,"column":6},"end":{"line":53,"column":25}},"type":"binary-expr","locations":[{"start":{"line":53,"column":6},"end":{"line":53,"column":12}},{"start":{"line":53,"column":16},"end":{"line":53,"column":25}}],"line":53},"6":{"loc":{"start":{"line":60,"column":4},"end":{"line":62,"column":5}},"type":"if","locations":[{"start":{"line":60,"column":4},"end":{"line":62,"column":5}},{"start":{},"end":{}}],"line":60},"7":{"loc":{"start":{"line":66,"column":4},"end":{"line":68,"column":5}},"type":"if","locations":[{"start":{"line":66,"column":4},"end":{"line":68,"column":5}},{"start":{},"end":{}}],"line":66}},"s":{"0":1,"1":1,"2":1,"3":1,"4":4,"5":4,"6":1,"7":3,"8":3,"9":2,"10":1,"11":1,"12":1,"13":1,"14":1,"15":1,"16":1,"17":1,"18":5,"19":5,"20":1,"21":4,"22":4,"23":3,"24":1,"25":2,"26":2,"27":1,"28":1,"29":1,"30":1,"31":1,"32":1},"f":{"0":4,"1":5},"b":{"0":[1,3],"1":[4,4,3],"2":[1,1],"3":[1,0],"4":[1,4],"5":[5,5],"6":[1,2],"7":[1,1]},"_coverageSchema":"1a1c01bbd47fc00a2c39e90264f33305004495a9","hash":"da5106c6a00979cbf3ab914d23dcef3de5806e61"}
,"D:\\Projects\\SE LAB PROJECT\\backend\\models\\userModel.js": {"path":"D:\\Projects\\SE LAB PROJECT\\backend\\models\\userModel.js","statementMap":{"0":{"start":{"line":6,"column":13},"end":{"line":6,"column":36}},"1":{"start":{"line":8,"column":18},"end":{"line":29,"column":1}},"2":{"start":{"line":11,"column":19},"end":{"line":11,"column":84}},"3":{"start":{"line":12,"column":4},"end":{"line":12,"column":26}},"4":{"start":{"line":17,"column":19},"end":{"line":20,"column":5}},"5":{"start":{"line":21,"column":4},"end":{"line":21,"column":26}},"6":{"start":{"line":26,"column":19},"end":{"line":26,"column":90}},"7":{"start":{"line":27,"column":4},"end":{"line":27,"column":23}},"8":{"start":{"line":31,"column":0},"end":{"line":31,"column":27}}},"fnMap":{"0":{"name":"(anonymous_0)","decl":{"start":{"line":10,"column":15},"end":{"line":10,"column":16}},"loc":{"start":{"line":10,"column":32},"end":{"line":13,"column":3}},"line":10},"1":{"name":"(anonymous_1)","decl":{"start":{"line":16,"column":10},"end":{"line":16,"column":11}},"loc":{"start":{"line":16,"column":55},"end":{"line":22,"column":3}},"line":16},"2":{"name":"(anonymous_2)","decl":{"start":{"line":25,"column":10},"end":{"line":25,"column":11}},"loc":{"start":{"line":25,"column":22},"end":{"line":28,"column":3}},"line":25}},"branchMap":{},"s":{"0":1,"1":1,"2":0,"3":0,"4":0,"5":0,"6":0,"7":0,"8":1},"f":{"0":0,"1":0,"2":0},"b":{},"_coverageSchema":"1a1c01bbd47fc00a2c39e90264f33305004495a9","hash":"b83ec286af3b9ae09e21862ead5c5ba1c3b6a671"}
}
