TN:
SF:config\db.js
FN:38,(anonymous_0)
FN:47,(anonymous_1)
FNF:2
FNH:1
FNDA:1,(anonymous_0)
FNDA:0,(anonymous_1)
DA:6,1
DA:7,1
DA:10,1
DA:14,1
DA:15,1
DA:16,0
DA:21,1
DA:38,1
DA:39,1
DA:40,1
DA:41,0
DA:42,0
DA:44,0
DA:45,0
DA:47,0
DA:48,0
DA:49,0
DA:50,0
DA:51,0
DA:53,0
DA:54,0
DA:60,1
DA:63,1
LF:23
LH:11
BRDA:15,0,0,0
BRDA:15,0,1,1
BRDA:26,1,0,1
BRDA:26,1,1,0
BRF:4
BRH:2
end_of_record
TN:
SF:controllers\authController.js
FN:12,(anonymous_0)
FN:50,(anonymous_1)
FNF:2
FNH:2
FNDA:4,(anonymous_0)
FNDA:5,(anonymous_1)
DA:6,1
DA:7,1
DA:8,1
DA:12,1
DA:13,4
DA:16,4
DA:17,1
DA:20,3
DA:22,3
DA:23,2
DA:24,1
DA:29,1
DA:33,1
DA:36,1
DA:38,1
DA:43,1
DA:44,1
DA:50,1
DA:51,5
DA:53,5
DA:54,1
DA:57,4
DA:59,4
DA:60,3
DA:61,1
DA:65,2
DA:66,2
DA:67,1
DA:72,1
DA:78,1
DA:84,1
DA:85,1
DA:89,1
LF:33
LH:33
BRDA:16,0,0,1
BRDA:16,0,1,3
BRDA:16,1,0,4
BRDA:16,1,1,4
BRDA:16,1,2,3
BRDA:23,2,0,1
BRDA:23,2,1,1
BRDA:33,3,0,1
BRDA:33,3,1,0
BRDA:53,4,0,1
BRDA:53,4,1,4
BRDA:53,5,0,5
BRDA:53,5,1,5
BRDA:60,6,0,1
BRDA:60,6,1,2
BRDA:66,7,0,1
BRDA:66,7,1,1
BRF:17
BRH:16
end_of_record
TN:
SF:models\userModel.js
FN:10,(anonymous_0)
FN:16,(anonymous_1)
FN:25,(anonymous_2)
FNF:3
FNH:0
FNDA:0,(anonymous_0)
FNDA:0,(anonymous_1)
FNDA:0,(anonymous_2)
DA:6,1
DA:8,1
DA:11,0
DA:12,0
DA:17,0
DA:21,0
DA:26,0
DA:27,0
DA:31,1
LF:9
LH:3
BRF:0
BRH:0
end_of_record
